# JRE version: Java(TM) SE Runtime Environment (8.0_201-b09) (build 1.8.0_201-b09)
# Java VM: Java HotSpot(TM) 64-Bit Server VM (25.201-b09 mixed mode windows-amd64 compressed oops)
Heap:
 PSYoungGen      total 293376K, used 42349K [0x00000000d6180000, 0x00000000ebd80000, 0x0000000100000000)
  eden space 274432K, 8% used [0x00000000d6180000,0x00000000d785bff8,0x00000000e6d80000)
  from space 18944K, 99% used [0x00000000eab00000,0x00000000ebd7f710,0x00000000ebd80000)
  to   space 32768K, 0% used [0x00000000e7d80000,0x00000000e7d80000,0x00000000e9d80000)
 ParOldGen       total 80896K, used 52641K [0x0000000082400000, 0x0000000087300000, 0x00000000d6180000)
  object space 80896K, 65% used [0x0000000082400000,0x0000000085768440,0x0000000087300000)
 Metaspace       used 31456K, capacity 32448K, committed 32768K, reserved 1079296K
  class space    used 3512K, capacity 3785K, committed 3840K, reserved 1048576K
GC Heap History (10 events):
Event: 12.031 GC heap before
{Heap before GC invocations=10 (full 1):
 PSYoungGen      total 202240K, used 202239K [0x00000000d6180000, 0x00000000e7b80000, 0x0000000100000000)
  eden space 188928K, 100% used [0x00000000d6180000,0x00000000e1a00000,0x00000000e1a00000)
  from space 13312K, 99% used [0x00000000e6e80000,0x00000000e7b7ff98,0x00000000e7b80000)
  to   space 19968K, 0% used [0x00000000e5480000,0x00000000e5480000,0x00000000e6800000)
 ParOldGen       total 80384K, used 33081K [0x0000000082400000, 0x0000000087280000, 0x00000000d6180000)
  object space 80384K, 41% used [0x0000000082400000,0x000000008444e510,0x0000000087280000)
 Metaspace       used 25596K, capacity 26276K, committed 26496K, reserved 1073152K
  class space    used 2905K, capacity 3106K, committed 3200K, reserved 1048576K
Event: 12.091 GC heap after
Heap after GC invocations=10 (full 1):
 PSYoungGen      total 266240K, used 19949K [0x00000000d6180000, 0x00000000e8300000, 0x0000000100000000)
  eden space 246272K, 0% used [0x00000000d6180000,0x00000000d6180000,0x00000000e5200000)
  from space 19968K, 99% used [0x00000000e5480000,0x00000000e67fb518,0x00000000e6800000)
  to   space 25088K, 0% used [0x00000000e6a80000,0x00000000e6a80000,0x00000000e8300000)
 ParOldGen       total 80384K, used 38752K [0x0000000082400000, 0x0000000087280000, 0x00000000d6180000)
  object space 80384K, 48% used [0x0000000082400000,0x00000000849d8160,0x0000000087280000)
 Metaspace       used 25596K, capacity 26276K, committed 26496K, reserved 1073152K
  class space    used 2905K, capacity 3106K, committed 3200K, reserved 1048576K
}
Event: 17.636 GC heap before
{Heap before GC invocations=11 (full 1):
 PSYoungGen      total 266240K, used 266221K [0x00000000d6180000, 0x00000000e8300000, 0x0000000100000000)
  eden space 246272K, 100% used [0x00000000d6180000,0x00000000e5200000,0x00000000e5200000)
  from space 19968K, 99% used [0x00000000e5480000,0x00000000e67fb518,0x00000000e6800000)
  to   space 25088K, 0% used [0x00000000e6a80000,0x00000000e6a80000,0x00000000e8300000)
 ParOldGen       total 80384K, used 38752K [0x0000000082400000, 0x0000000087280000, 0x00000000d6180000)
  object space 80384K, 48% used [0x0000000082400000,0x00000000849d8160,0x0000000087280000)
 Metaspace       used 29800K, capacity 30750K, committed 31104K, reserved 1077248K
  class space    used 3349K, capacity 3608K, committed 3712K, reserved 1048576K
Event: 17.684 GC heap after
Heap after GC invocations=11 (full 1):
 PSYoungGen      total 261632K, used 25057K [0x00000000d6180000, 0x00000000eda80000, 0x0000000100000000)
  eden space 236544K, 0% used [0x00000000d6180000,0x00000000d6180000,0x00000000e4880000)
  from space 25088K, 99% used [0x00000000e6a80000,0x00000000e82f8440,0x00000000e8300000)
  to   space 34816K, 0% used [0x00000000e4880000,0x00000000e4880000,0x00000000e6a80000)
 ParOldGen       total 80384K, used 55840K [0x0000000082400000, 0x0000000087280000, 0x00000000d6180000)
  object space 80384K, 69% used [0x0000000082400000,0x0000000085a88078,0x0000000087280000)
 Metaspace       used 29800K, capacity 30750K, committed 31104K, reserved 1077248K
  class space    used 3349K, capacity 3608K, committed 3712K, reserved 1048576K
}
Event: 22.005 GC heap before
{Heap before GC invocations=12 (full 1):
 PSYoungGen      total 261632K, used 261601K [0x00000000d6180000, 0x00000000eda80000, 0x0000000100000000)
  eden space 236544K, 100% used [0x00000000d6180000,0x00000000e4880000,0x00000000e4880000)
  from space 25088K, 99% used [0x00000000e6a80000,0x00000000e82f8440,0x00000000e8300000)
  to   space 34816K, 0% used [0x00000000e4880000,0x00000000e4880000,0x00000000e6a80000)
 ParOldGen       total 80384K, used 55840K [0x0000000082400000, 0x0000000087280000, 0x00000000d6180000)
  object space 80384K, 69% used [0x0000000082400000,0x0000000085a88078,0x0000000087280000)
 Metaspace       used 31390K, capacity 32406K, committed 32512K, reserved 1077248K
  class space    used 3529K, capacity 3817K, committed 3840K, reserved 1048576K
Event: 22.065 GC heap after
Heap after GC invocations=12 (full 1):
 PSYoungGen      total 271360K, used 13545K [0x00000000d6180000, 0x00000000ecb80000, 0x0000000100000000)
  eden space 236544K, 0% used [0x00000000d6180000,0x00000000d6180000,0x00000000e4880000)
  from space 34816K, 38% used [0x00000000e4880000,0x00000000e55ba530,0x00000000e6a80000)
  to   space 33280K, 0% used [0x00000000eab00000,0x00000000eab00000,0x00000000ecb80000)
 ParOldGen       total 80896K, used 80445K [0x0000000082400000, 0x0000000087300000, 0x00000000d6180000)
  object space 80896K, 99% used [0x0000000082400000,0x000000008728f460,0x0000000087300000)
 Metaspace       used 31390K, capacity 32406K, committed 32512K, reserved 1077248K
  class space    used 3529K, capacity 3817K, committed 3840K, reserved 1048576K
}
Event: 22.065 GC heap before
{Heap before GC invocations=13 (full 2):
 PSYoungGen      total 271360K, used 13545K [0x00000000d6180000, 0x00000000ecb80000, 0x0000000100000000)
  eden space 236544K, 0% used [0x00000000d6180000,0x00000000d6180000,0x00000000e4880000)
  from space 34816K, 38% used [0x00000000e4880000,0x00000000e55ba530,0x00000000e6a80000)
  to   space 33280K, 0% used [0x00000000eab00000,0x00000000eab00000,0x00000000ecb80000)
 ParOldGen       total 80896K, used 80445K [0x0000000082400000, 0x0000000087300000, 0x00000000d6180000)
  object space 80896K, 99% used [0x0000000082400000,0x000000008728f460,0x0000000087300000)
 Metaspace       used 31390K, capacity 32406K, committed 32512K, reserved 1077248K
  class space    used 3529K, capacity 3817K, committed 3840K, reserved 1048576K
Event: 22.845 GC heap after
Heap after GC invocations=13 (full 2):
 PSYoungGen      total 271360K, used 0K [0x00000000d6180000, 0x00000000ecb80000, 0x0000000100000000)
  eden space 236544K, 0% used [0x00000000d6180000,0x00000000d6180000,0x00000000e4880000)
  from space 34816K, 0% used [0x00000000e4880000,0x00000000e4880000,0x00000000e6a80000)
  to   space 33280K, 0% used [0x00000000eab00000,0x00000000eab00000,0x00000000ecb80000)
 ParOldGen       total 80896K, used 52633K [0x0000000082400000, 0x0000000087300000, 0x00000000d6180000)
  object space 80896K, 65% used [0x0000000082400000,0x0000000085766440,0x0000000087300000)
 Metaspace       used 29904K, capacity 30826K, committed 32512K, reserved 1077248K
  class space    used 3344K, capacity 3610K, committed 3840K, reserved 1048576K
}
Event: 27.607 GC heap before
{Heap before GC invocations=14 (full 2):
 PSYoungGen      total 271360K, used 236544K [0x00000000d6180000, 0x00000000ecb80000, 0x0000000100000000)
  eden space 236544K, 100% used [0x00000000d6180000,0x00000000e4880000,0x00000000e4880000)
  from space 34816K, 0% used [0x00000000e4880000,0x00000000e4880000,0x00000000e6a80000)
  to   space 33280K, 0% used [0x00000000eab00000,0x00000000eab00000,0x00000000ecb80000)
 ParOldGen       total 80896K, used 52633K [0x0000000082400000, 0x0000000087300000, 0x00000000d6180000)
  object space 80896K, 65% used [0x0000000082400000,0x0000000085766440,0x0000000087300000)
 Metaspace       used 31177K, capacity 32154K, committed 32512K, reserved 1077248K
  class space    used 3479K, capacity 3752K, committed 3840K, reserved 1048576K
Event: 27.633 GC heap after
Heap after GC invocations=14 (full 2):
 PSYoungGen      total 293376K, used 18941K [0x00000000d6180000, 0x00000000ebd80000, 0x0000000100000000)
  eden space 274432K, 0% used [0x00000000d6180000,0x00000000d6180000,0x00000000e6d80000)
  from space 18944K, 99% used [0x00000000eab00000,0x00000000ebd7f710,0x00000000ebd80000)
  to   space 32768K, 0% used [0x00000000e7d80000,0x00000000e7d80000,0x00000000e9d80000)
 ParOldGen       total 80896K, used 52641K [0x0000000082400000, 0x0000000087300000, 0x00000000d6180000)
  object space 80896K, 65% used [0x0000000082400000,0x0000000085768440,0x0000000087300000)
 Metaspace       used 31177K, capacity 32154K, committed 32512K, reserved 1077248K
  class space    used 3479K, capacity 3752K, committed 3840K, reserved 1048576K
}

